<?xml version="1.0" encoding="UTF-8" ?>
<testsuite errors="0" failures="0" hostname="desktop" name="com.navarromugas.test.GpsTest" skipped="0" tests="15" time="0.359" timestamp="2013-11-28T23:17:52">
  <properties>
    <property name="netbeans.autoupdate.country" value="ES" />
    <property name="nb.wait.for.caches" value="true" />
    <property name="javac.test.classpath" value="D:\Archivos de programa\Java\junit\hamcrest-core-1.3.jar:D:\Archivos de programa\Java\junit\junit-4.11.jar:D:\Archivos de programa\NetBeans 7.4\java\modules\ext\AbsoluteLayout.jar:build/classes" />
    <property name="libs.junit.javadoc" value="D:\Archivos de programa\NetBeans 7.4\java\docs\junit-3.8.2-api.zip" />
    <property name="ant.core.lib" value="D:\Archivos de programa\NetBeans 7.4\extide\ant\lib\ant.jar" />
    <property name="javadoc.windowtitle" value="" />
    <property name="user.dir" value="D:\Documents and Settings\Administrador\Escritorio\Documentos Facultad UTN\TP Final AED\JuegoDeLaVida" />
    <property name="libs.hibernate-persistence.javadoc" value="" />
    <property name="java.vm.version" value="22.1-b02" />
    <property name="libs.MySQLDriver.classpath" value="D:\Archivos de programa\NetBeans 7.4\ide\modules\ext\mysql-connector-java-5.1.23-bin.jar" />
    <property name="libs.eclipselinkmodelgen.src" value="" />
    <property name="javadoc.notree" value="false" />
    <property name="netbeans.autoupdate.version" value="1.23" />
    <property name="libs.hibernate-support.maven-pom" value="" />
    <property name="libs.hibernate-support.javadoc" value="" />
    <property name="javac.profile.cmd.line.arg" value="" />
    <property name="jdk.home" value="D:\Archivos de programa\Java\jdk1.7.0_03" />
    <property name="libs.javac-api.src" value="" />
    <property name="javadoc.noindex" value="false" />
    <property name="sun.os.patch.level" value="Service Pack 2" />
    <property name="do.archive+manifest.available" value="true" />
    <property name="java.vm.specification.name" value="Java Virtual Machine Specification" />
    <property name="nb.show.statistics.ui" value="usageStatisticsEnabled" />
    <property name="netbeans.autoupdate.variant" value="" />
    <property name="have.tests" value="true" />
    <property name="org.xml.sax.driver" value="com.sun.org.apache.xerces.internal.jaxp.SAXParserImpl$JAXPSAXParser" />
    <property name="libs.javac-api.javadoc" value="" />
    <property name="os.name" value="Windows XP" />
    <property name="libs.beans-binding.classpath" value="D:\Archivos de programa\NetBeans 7.4\java\modules\ext\beansbinding-1.2.1.jar" />
    <property name="ap.proc.none.internal" value="" />
    <property name="libs.JWSAntTasks.maven-pom" value="" />
    <property name="libs.testng.src" value="" />
    <property name="java.vendor.url.bug" value="http://bugreport.sun.com/bugreport/" />
    <property name="libs.jaxb.maven-pom" value="" />
    <property name="os.arch" value="x86" />
    <property name="libs.eclipselink.src" value="" />
    <property name="user.name" value="Administrador" />
    <property name="copylibs.rebase" value="true" />
    <property name="libs.swing-layout.maven-pom" value="" />
    <property name="sun.java.command" value="org.apache.tools.ant.taskdefs.optional.junit.JUnitTestRunner com.navarromugas.test.GpsTest filtertrace=true haltOnError=false haltOnFailure=false showoutput=true outputtoformatters=true logfailedtests=true logtestlistenerevents=true formatter=org.apache.tools.ant.taskdefs.optional.junit.BriefJUnitResultFormatter formatter=org.apache.tools.ant.taskdefs.optional.junit.XMLJUnitResultFormatter,D:\Documents and Settings\Administrador\Escritorio\Documentos Facultad UTN\TP Final AED\JuegoDeLaVida\build\test\results\TEST-com.navarromugas.test.GpsTest.xml crashfile=D:\Documents and Settings\Administrador\Escritorio\Documentos Facultad UTN\TP Final AED\JuegoDeLaVida\build\junitvmwatcher4834469597737841107.properties propsfile=D:\Documents and Settings\Administrador\Escritorio\Documentos Facultad UTN\TP Final AED\JuegoDeLaVida\build\junit3997693585881609899.properties" />
    <property name="build.classes.dir" value="build/classes" />
    <property name="netbeans.accept_license_class" value="org.netbeans.license.AcceptLicense" />
    <property name="build.sysclasspath" value="ignore" />
    <property name="ap.supported.internal" value="true" />
    <property name="libs.jaxws21.javadoc" value="D:\Archivos de programa\NetBeans 7.4\java\docs\jaxws-api-doc.zip" />
    <property name="includes" value="**" />
    <property name="user.country" value="ES" />
    <property name="manifest.file" value="manifest.mf" />
    <property name="javadoc.encoding" value="UTF-8" />
    <property name="javac.classpath" value="D:\Archivos de programa\Java\junit\hamcrest-core-1.3.jar:D:\Archivos de programa\Java\junit\junit-4.11.jar:D:\Archivos de programa\NetBeans 7.4\java\modules\ext\AbsoluteLayout.jar" />
    <property name="debug-transport" value="dt_shmem" />
    <property name="netbeans.home" value="D:\Archivos de programa\NetBeans 7.4\platform" />
    <property name="build.compiler.emacs" value="true" />
    <property name="libs.ejb3-persistence.src" value="" />
    <property name="java.endorsed.dirs" value="D:\Archivos de programa\Java\jdk1.7.0_03\jre\lib\endorsed" />
    <property name="libs.hibernate-persistencemodelgen.classpath" value="D:\Archivos de programa\NetBeans 7.4\java\modules\ext\hibernate\hibernate-jpamodelgen-1.1.1.Final.jar" />
    <property name="netbeans.dynamic.classpath" value="D:\Archivos de programa\NetBeans 7.4\platform\core\core.jar;D:\Archivos de programa\NetBeans 7.4\platform\core\org-openide-filesystems.jar;D:\Archivos de programa\NetBeans 7.4\platform\core\locale\core_ja.jar;D:\Archivos de programa\NetBeans 7.4\platform\core\locale\core_pt_BR.jar;D:\Archivos de programa\NetBeans 7.4\platform\core\locale\core_ru.jar;D:\Archivos de programa\NetBeans 7.4\platform\core\locale\core_zh_CN.jar;D:\Archivos de programa\NetBeans 7.4\platform\core\locale\org-openide-filesystems_ja.jar;D:\Archivos de programa\NetBeans 7.4\platform\core\locale\org-openide-filesystems_pt_BR.jar;D:\Archivos de programa\NetBeans 7.4\platform\core\locale\org-openide-filesystems_ru.jar;D:\Archivos de programa\NetBeans 7.4\platform\core\locale\org-openide-filesystems_zh_CN.jar;D:\Archivos de programa\NetBeans 7.4\nb\core\org-netbeans-upgrader.jar;D:\Archivos de programa\NetBeans 7.4\nb\core\locale\core_nb.jar;D:\Archivos de programa\NetBeans 7.4\nb\core\locale\core_nb_ja.jar;D:\Archivos de programa\NetBeans 7.4\nb\core\locale\core_nb_pt_BR.jar;D:\Archivos de programa\NetBeans 7.4\nb\core\locale\core_nb_ru.jar;D:\Archivos de programa\NetBeans 7.4\nb\core\locale\core_nb_zh_CN.jar;D:\Archivos de programa\NetBeans 7.4\nb\core\locale\org-netbeans-upgrader_ja.jar;D:\Archivos de programa\NetBeans 7.4\nb\core\locale\org-netbeans-upgrader_pt_BR.jar;D:\Archivos de programa\NetBeans 7.4\nb\core\locale\org-netbeans-upgrader_ru.jar;D:\Archivos de programa\NetBeans 7.4\nb\core\locale\org-netbeans-upgrader_zh_CN.jar" />
    <property name="java.vm.specification.version" value="1.7" />
    <property name="netbeans.productversion" value="NetBeans IDE 7.4 (Build 201310111528)" />
    <property name="libs.hibernate-persistence.classpath" value="D:\Archivos de programa\NetBeans 7.4\java\modules\ext\hibernate\antlr-2.7.6.jar;D:\Archivos de programa\NetBeans 7.4\java\modules\ext\hibernate\cglib-2.2.jar;D:\Archivos de programa\NetBeans 7.4\java\modules\ext\hibernate\commons-collections-3.1.jar;D:\Archivos de programa\NetBeans 7.4\java\modules\ext\hibernate\dom4j-1.6.1.jar;D:\Archivos de programa\NetBeans 7.4\java\modules\ext\hibernate\jta-1.1.jar;D:\Archivos de programa\NetBeans 7.4\java\modules\ext\hibernate\hibernate-core-3.6.10.Final.jar;D:\Archivos de programa\NetBeans 7.4\java\modules\ext\hibernate\hibernate-commons-annotations-3.2.0.Final.jar;D:\Archivos de programa\NetBeans 7.4\java\modules\ext\hibernate\hibernate-entitymanager-3.6.10.Final.jar;D:\Archivos de programa\NetBeans 7.4\java\modules\ext\hibernate\hibernate-tools-3.6.0.CR1.jar;D:\Archivos de programa\NetBeans 7.4\java\modules\ext\hibernate\javassist-3.12.0.GA.jar;D:\Archivos de programa\NetBeans 7.4\java\modules\ext\hibernate\c3p0-0.9.1.jar;D:\Archivos de programa\NetBeans 7.4\java\modules\ext\hibernate\oscache-2.1.jar;D:\Archivos de programa\NetBeans 7.4\java\modules\ext\hibernate\slf4j-api-1.6.1.jar;D:\Archivos de programa\NetBeans 7.4\java\modules\ext\hibernate\slf4j-simple-1.6.1.jar;D:\Archivos de programa\NetBeans 7.4\java\modules\ext\hibernate\hibernate-jpa-2.0-api-1.0.1.Final.jar" />
    <property name="file.reference.junit-4.11.jar" value="D:\Archivos de programa\Java\junit\junit-4.11.jar" />
    <property name="libs.jaxws21.src" value="" />
    <property name="application.title" value="JuegoDeLaVida" />
    <property name="do.archive" value="true" />
    <property name="netbeans.autoupdate.language" value="es" />
    <property name="java.vendor" value="Oracle Corporation" />
    <property name="jar.index.metainf" value="false" />
    <property name="ant.file.JuegoDeLaVida" value="D:\Documents and Settings\Administrador\Escritorio\Documentos Facultad UTN\TP Final AED\JuegoDeLaVida\build.xml" />
    <property name="javac.debug" value="true" />
    <property name="javadoc.splitindex" value="true" />
    <property name="file.separator" value="\" />
    <property name="libs.Common IO.maven-pom" value="" />
    <property name="libs.junit_4.maven-pom" value="" />
    <property name="mkdist.disabled" value="false" />
    <property name="libs.Hamcrest.javadoc" value="" />
    <property name="javac.test.processorpath" value="D:\Archivos de programa\Java\junit\hamcrest-core-1.3.jar:D:\Archivos de programa\Java\junit\junit-4.11.jar:D:\Archivos de programa\NetBeans 7.4\java\modules\ext\AbsoluteLayout.jar:build/classes" />
    <property name="netbeans.buildnumber" value="201310111528" />
    <property name="libs.JWSAntTasks.javadoc" value="" />
    <property name="build.generated.sources.dir" value="build/generated-sources" />
    <property name="user.variant" value="" />
    <property name="libs.eclipselinkmodelgen.classpath" value="D:\Archivos de programa\NetBeans 7.4\java\modules\ext\eclipselink\org.eclipse.persistence.jpa.modelgen_2.5.0.v20130507-3faac2b.jar" />
    <property name="sun.java.launcher" value="SUN_STANDARD" />
    <property name="libs.Hamcrest.src" value="D:\Archivos de programa\Java\junit\hamcrest-all-1.3.jar;D:\Archivos de programa\Java\junit\hamcrest-core-1.3.jar" />
    <property name="libs.junit.classpath" value="D:\Archivos de programa\NetBeans 7.4\java\modules\ext\junit-3.8.2.jar" />
    <property name="libs.jaxb.javadoc" value="D:\Archivos de programa\NetBeans 7.4\ide\docs\jaxb-api-doc.zip" />
    <property name="ant.home" value="D:\Archivos de programa\NetBeans 7.4\extide\ant" />
    <property name="libs.junit_4.src" value="D:\Archivos de programa\NetBeans 7.4\java\docs\junit-4.10-sources.jar" />
    <property name="libs.testng.classpath" value="D:\Archivos de programa\NetBeans 7.4\platform\modules\ext\testng-6.8.1-dist.jar" />
    <property name="libs.absolutelayout.maven-pom" value="" />
    <property name="ant.java.version" value="1.7" />
    <property name="java.library.path" value="D:\Archivos de programa\Java\jdk1.7.0_03\jre\bin;D:\WINDOWS\Sun\Java\bin;D:\WINDOWS\system32;D:\WINDOWS;D:\Archivos de programa\Java\jdk1.7.0_03\bin;D:\RailsInstaller\Git\cmd;D:\RailsInstaller\Ruby1.9.2\bin;D:\Archivos de programa\Vim\vim73;D:\WINDOWS\system32;D:\WINDOWS;D:\WINDOWS\System32\Wbem;D:\Archivos de programa\QT Lite\QTSystem\;D:\Archivos de programa\Calibre2\;D:\Archivos de programa\Archivos comunes\Hackety Hack\0.r1529\..;." />
    <property name="javadoc.author" value="false" />
    <property name="java.util.logging.config.class" value="org.netbeans.core.startup.TopLogging" />
    <property name="libs.PostgreSQLDriver.src" value="" />
    <property name="sun.arch.data.model" value="32" />
    <property name="basedir" value="D:\Documents and Settings\Administrador\Escritorio\Documentos Facultad UTN\TP Final AED\JuegoDeLaVida" />
    <property name="libs.jpa20-persistence.maven-pom" value="" />
    <property name="jar.compress" value="false" />
    <property name="path.separator" value=";" />
    <property name="ant.junit.enabletestlistenerevents" value="true" />
    <property name="sun.io.unicode.encoding" value="UnicodeLittle" />
    <property name="libs.jaxws21.classpath" value="D:\Archivos de programa\NetBeans 7.4\ide\modules\ext\jaxb\jaxb-impl.jar;D:\Archivos de programa\NetBeans 7.4\ide\modules\ext\jaxb\jaxb-xjc.jar;D:\Archivos de programa\NetBeans 7.4\java\modules\ext\jaxws22\FastInfoset.jar;D:\Archivos de programa\NetBeans 7.4\java\modules\ext\jaxws22\gmbal-api-only.jar;D:\Archivos de programa\NetBeans 7.4\java\modules\ext\jaxws22\ha-api.jar;D:\Archivos de programa\NetBeans 7.4\java\modules\ext\jaxws22\javax.mail_1.4.jar;D:\Archivos de programa\NetBeans 7.4\java\modules\ext\jaxws22\jaxws-rt.jar;D:\Archivos de programa\NetBeans 7.4\java\modules\ext\jaxws22\jaxws-tools.jar;D:\Archivos de programa\NetBeans 7.4\java\modules\ext\jaxws22\management-api.jar;D:\Archivos de programa\NetBeans 7.4\java\modules\ext\jaxws22\mimepull.jar;D:\Archivos de programa\NetBeans 7.4\java\modules\ext\jaxws22\policy.jar;D:\Archivos de programa\NetBeans 7.4\java\modules\ext\jaxws22\saaj-impl.jar;D:\Archivos de programa\NetBeans 7.4\java\modules\ext\jaxws22\stax-ex.jar;D:\Archivos de programa\NetBeans 7.4\java\modules\ext\jaxws22\stax2-api.jar;D:\Archivos de programa\NetBeans 7.4\java\modules\ext\jaxws22\streambuffer.jar;D:\Archivos de programa\NetBeans 7.4\java\modules\ext\jaxws22\woodstox-core-asl.jar;D:\Archivos de programa\NetBeans 7.4\java\modules\ext\jaxws22\api\jaxws-api.jar;D:\Archivos de programa\NetBeans 7.4\java\modules\ext\jaxws22\api\jsr181-api.jar;D:\Archivos de programa\NetBeans 7.4\java\modules\ext\jaxws22\api\javax.annotation.jar;D:\Archivos de programa\NetBeans 7.4\java\modules\ext\jaxws22\api\saaj-api.jar;D:\Archivos de programa\NetBeans 7.4\ide\modules\ext\jaxb\activation.jar;D:\Archivos de programa\NetBeans 7.4\ide\modules\ext\jaxb\api\jaxb-api.jar;D:\Archivos de programa\NetBeans 7.4\ide\modules\ext\jaxb\api\jsr173_1.0_api.jar" />
    <property name="compile.on.save" value="true" />
    <property name="apple.awt.graphics.UseQuartz" value="true" />
    <property name="user.language" value="es" />
    <property name="testng.mode" value="testng" />
    <property name="libs.JAXB-ENDORSED.maven-pom" value="" />
    <property name="libs.spring-framework.classpath" value="D:\Archivos de programa\NetBeans 7.4\ide\modules\org-apache-commons-logging.jar;D:\Archivos de programa\NetBeans 7.4\java\modules\ext\cglib-2.2.jar;D:\Archivos de programa\NetBeans 7.4\java\modules\ext\spring\spring-2.5.6.SEC03.jar" />
    <property name="libs.eclipselink.maven-pom" value="" />
    <property name="application.vendor" value="Martin" />
    <property name="test.binaryincludes" value="&lt;nothing&gt;" />
    <property name="manifest.available" value="true" />
    <property name="libs.spring-framework300.maven-pom" value="" />
    <property name="run.test.classpath" value="D:\Archivos de programa\Java\junit\hamcrest-core-1.3.jar:D:\Archivos de programa\Java\junit\junit-4.11.jar:D:\Archivos de programa\NetBeans 7.4\java\modules\ext\AbsoluteLayout.jar:build/classes:build/test/classes" />
    <property name="ant.project.invoked-targets" value="test" />
    <property name="test.binaryexcludes" value="" />
    <property name="libs.swing-layout.javadoc" value="D:\Archivos de programa\NetBeans 7.4\platform\docs\swing-layout-1.0.4-doc.zip" />
    <property name="sun.java2d.dpiaware" value="true" />
    <property name="libs.ejb3-persistence.maven-pom" value="" />
    <property name="https.nonProxyHosts" value="localhost|127.0.0.1|desktop" />
    <property name="libs.PostgreSQLDriver.maven-pom" value="" />
    <property name="java.class.version" value="51.0" />
    <property name="libs.eclipselink.javadoc" value="" />
    <property name="user.properties.file" value="D:\Documents and Settings\Administrador\Datos de programa\NetBeans\7.4\build.properties" />
    <property name="runtime.encoding" value="UTF-8" />
    <property name="libs.spring-framework.src" value="" />
    <property name="libs.javac-api.maven-pom" value="" />
    <property name="file.encoding.pkg" value="sun.io" />
    <property name="sun.cpu.endian" value="little" />
    <property name="libs.JAXB-ENDORSED.javadoc" value="" />
    <property name="libs.JWSAntTasks.classpath" value="D:\Archivos de programa\NetBeans 7.4\java\ant\extra\org-netbeans-modules-javawebstart-anttasks.jar" />
    <property name="libs.spring-framework300.src" value="" />
    <property name="empty.dir" value="D:\Documents and Settings\Administrador\Escritorio\Documentos Facultad UTN\TP Final AED\JuegoDeLaVida\build\empty" />
    <property name="version-output" value="java version &quot;1.7" />
    <property name="test.binarytestincludes" value="" />
    <property name="javadoc.preview" value="true" />
    <property name="libs.jpa20-persistence.javadoc" value="" />
    <property name="java.home" value="D:\Archivos de programa\Java\jdk1.7.0_03\jre" />
    <property name="debug.test.classpath" value="D:\Archivos de programa\Java\junit\hamcrest-core-1.3.jar:D:\Archivos de programa\Java\junit\junit-4.11.jar:D:\Archivos de programa\NetBeans 7.4\java\modules\ext\AbsoluteLayout.jar:build/classes:build/test/classes" />
    <property name="netbeans.importclass" value="org.netbeans.upgrade.AutoUpgrade" />
    <property name="ant.project.default-target" value="default" />
    <property name="annotation.processing.run.all.processors" value="true" />
    <property name="libs.PostgreSQLDriver.javadoc" value="" />
    <property name="libs.MySQLDriver.maven-pom" value="" />
    <property name="ant.file.type.JuegoDeLaVida" value="file" />
    <property name="libs.Common IO.javadoc" value="" />
    <property name="http.nonProxyHosts" value="localhost|127.0.0.1|desktop" />
    <property name="libs.junit_4.javadoc" value="D:\Archivos de programa\NetBeans 7.4\java\docs\junit-4.10-javadoc.jar" />
    <property name="run.classpath" value="D:\Archivos de programa\Java\junit\hamcrest-core-1.3.jar:D:\Archivos de programa\Java\junit\junit-4.11.jar:D:\Archivos de programa\NetBeans 7.4\java\modules\ext\AbsoluteLayout.jar:build/classes" />
    <property name="libs.hibernate-support.src" value="" />
    <property name="jna.boot.library.name" value="jnidispatch-340" />
    <property name="sun.awt.datatransfer.timeout" value="1000" />
    <property name="annotation.processing.enabled.in.editor" value="false" />
    <property name="nb.native.filechooser" value="false" />
    <property name="sun.management.compiler" value="HotSpot Client Compiler" />
    <property name="javac.deprecation" value="false" />
    <property name="javadoc.use" value="true" />
    <property name="libs.Hamcrest.maven-pom" value="" />
    <property name="sun.java2d.noddraw" value="true" />
    <property name="javac.processorpath" value="D:\Archivos de programa\Java\junit\hamcrest-core-1.3.jar:D:\Archivos de programa\Java\junit\junit-4.11.jar:D:\Archivos de programa\NetBeans 7.4\java\modules\ext\AbsoluteLayout.jar" />
    <property name="javac.compilerargs" value="" />
    <property name="ant.file" value="D:\Documents and Settings\Administrador\Escritorio\Documentos Facultad UTN\TP Final AED\JuegoDeLaVida\build.xml" />
    <property name="libs.beans-binding.maven-pom" value="" />
    <property name="libs.beans-binding.src" value="" />
    <property name="java.vm.specification.vendor" value="Oracle Corporation" />
    <property name="libs.swing-layout.src" value="D:\Archivos de programa\NetBeans 7.4\platform\docs\swing-layout-1.0.4-src.zip" />
    <property name="org.openide.major.version" value="IDE/1" />
    <property name="java.vm.name" value="Java HotSpot(TM) Client VM" />
    <property name="netbeans.user" value="D:\Documents and Settings\Administrador\Datos de programa\NetBeans\7.4" />
    <property name="javadoc.additionalparam" value="" />
    <property name="java.io.tmpdir" value="D:\DOCUME~1\ADMINI~1\CONFIG~1\Temp\" />
    <property name="java.vendor.url" value="http://java.oracle.com/" />
    <property name="endorsed.classpath.cmd.line.arg" value="" />
    <property name="junit.available" value="true" />
    <property name="libs.Common IO.src" value="D:\Archivos de programa\Java\commons-io-2.4\commons-io-2.4-sources.jar" />
    <property name="org.openide.awt.ActionReference.completion" value="org.netbeans.modules.apisupport.project.layers.PathCompletions" />
    <property name="sun.boot.library.path" value="D:\Archivos de programa\Java\jdk1.7.0_03\jre\bin" />
    <property name="have.sources" value="true" />
    <property name="debug.classpath" value="D:\Archivos de programa\Java\junit\hamcrest-core-1.3.jar:D:\Archivos de programa\Java\junit\junit-4.11.jar:D:\Archivos de programa\NetBeans 7.4\java\modules\ext\AbsoluteLayout.jar:build/classes" />
    <property name="javadoc.private" value="false" />
    <property name="test.src.dir" value="test" />
    <property name="ap.processors.internal" value="" />
    <property name="meta.inf.dir" value="src/META-INF" />
    <property name="javadoc.encoding.used" value="UTF-8" />
    <property name="dist.jar" value="dist/JuegoDeLaVida.jar" />
    <property name="netbeans.automatic.build" value="true" />
    <property name="java.runtime.name" value="Java(TM) SE Runtime Environment" />
    <property name="ant.project.name" value="JuegoDeLaVida" />
    <property name="netbeans.hash.code" value="unique=NB_EXTIDE_JAVA0209fae7d-ad25-4f12-85be-f458e9d7e3ea_67170d8a-1f46-409b-b665-b8eb4d25a727" />
    <property name="netbeans.default_userdir_root" value="D:\Documents and Settings\Administrador\Datos de programa\NetBeans" />
    <property name="sun.cpu.isalist" value="" />
    <property name="libs.CopyLibs.javadoc" value="" />
    <property name="libs.hibernate-persistencemodelgen.maven-pom" value="" />
    <property name="org.openide.specification.version" value="6.2" />
    <property name="libs.hibernate-support.classpath" value="D:\Archivos de programa\NetBeans 7.4\java\modules\ext\hibernate\dom4j-1.6.1.jar;D:\Archivos de programa\NetBeans 7.4\java\modules\ext\hibernate\antlr-2.7.6.jar;D:\Archivos de programa\NetBeans 7.4\java\modules\ext\hibernate\cglib-2.2.jar;D:\Archivos de programa\NetBeans 7.4\java\modules\ext\hibernate\commons-collections-3.1.jar;D:\Archivos de programa\NetBeans 7.4\java\modules\ext\hibernate\jta-1.1.jar;D:\Archivos de programa\NetBeans 7.4\java\modules\ext\hibernate\hibernate-core-3.6.10.Final.jar;D:\Archivos de programa\NetBeans 7.4\java\modules\ext\hibernate\hibernate-commons-annotations-3.2.0.Final.jar;D:\Archivos de programa\NetBeans 7.4\java\modules\ext\hibernate\hibernate-entitymanager-3.6.10.Final.jar;D:\Archivos de programa\NetBeans 7.4\java\modules\ext\hibernate\hibernate-tools-3.6.0.CR1.jar;D:\Archivos de programa\NetBeans 7.4\java\modules\ext\hibernate\javassist-3.12.0.GA.jar;D:\Archivos de programa\NetBeans 7.4\java\modules\ext\hibernate\c3p0-0.9.1.jar;D:\Archivos de programa\NetBeans 7.4\java\modules\ext\hibernate\oscache-2.1.jar;D:\Archivos de programa\NetBeans 7.4\java\modules\ext\hibernate\slf4j-api-1.6.1.jar;D:\Archivos de programa\NetBeans 7.4\java\modules\ext\hibernate\slf4j-simple-1.6.1.jar" />
    <property name="user.home" value="D:\Documents and Settings\Administrador" />
    <property name="annotation.processing.processors.list" value="" />
    <property name="debug-args-line" value="-Xdebug" />
    <property name="libs.JWSAntTasks.src" value="" />
    <property name="jar.index" value="false" />
    <property name="libs.CopyLibs.maven-pom" value="" />
    <property name="libs.spring-framework300.javadoc" value="" />
    <property name="libs.hibernate-persistence.maven-pom" value="" />
    <property name="libs.absolutelayout.javadoc" value="" />
    <property name="java.specification.name" value="Java Platform API Specification" />
    <property name="do.archive+main.class.available" value="true" />
    <property name="java.specification.vendor" value="Oracle Corporation" />
    <property name="libs.javac-api.classpath" value="D:\Archivos de programa\NetBeans 7.4\java\modules\ext\nb-javac-api.jar" />
    <property name="java.version" value="1.7.0_03" />
    <property name="run.jvmargs.ide" value="" />
    <property name="javadoc.version" value="false" />
    <property name="libs.MySQLDriver.javadoc" value="" />
    <property name="org.openide.version" value="deprecated" />
    <property name="platform.java" value="D:\Archivos de programa\Java\jdk1.7.0_03\jre/bin/java" />
    <property name="source.encoding" value="UTF-8" />
    <property name="ap.cmd.line.internal" value="" />
    <property name="libs.eclipselinkmodelgen.maven-pom" value="" />
    <property name="libs.junit.maven-pom" value="" />
    <property name="libs.eclipselinkmodelgen.javadoc" value="" />
    <property name="netbeans.home+have.tests" value="true" />
    <property name="annotation.processing.processor.options" value="" />
    <property name="libs.testng.maven-pom" value="" />
    <property name="libs.jaxb.src" value="" />
    <property name="work.dir" value="D:\Documents and Settings\Administrador\Escritorio\Documentos Facultad UTN\TP Final AED\JuegoDeLaVida" />
    <property name="libs.jaxb.classpath" value="D:\Archivos de programa\NetBeans 7.4\ide\modules\ext\jaxb\jaxb-impl.jar;D:\Archivos de programa\NetBeans 7.4\ide\modules\ext\jaxb\jaxb-xjc.jar;D:\Archivos de programa\NetBeans 7.4\ide\modules\ext\jaxb\jaxb1-impl.jar;D:\Archivos de programa\NetBeans 7.4\ide\modules\ext\jaxb\activation.jar;D:\Archivos de programa\NetBeans 7.4\ide\modules\ext\jaxb\api\jaxb-api.jar;D:\Archivos de programa\NetBeans 7.4\ide\modules\ext\jaxb\api\jsr173_1.0_api.jar" />
    <property name="do.depend" value="false" />
    <property name="dist.javadoc.dir" value="dist/javadoc" />
    <property name="libs.swing-layout.classpath" value="D:\Archivos de programa\NetBeans 7.4\platform\modules\ext\swing-layout-1.0.4.jar" />
    <property name="build.generated.dir" value="build/generated" />
    <property name="javac.source" value="1.7" />
    <property name="libs.hibernate-persistence.src" value="" />
    <property name="line.separator" value="&#xd;&#xa;" />
    <property name="java.specification.version" value="1.7" />
    <property name="libs.jaxws21.maven-pom" value="" />
    <property name="java.vm.info" value="mixed mode, sharing" />
    <property name="nb.junit.batch" value="true" />
    <property name="junit.forkmode" value="perTest" />
    <property name="file.reference.hamcrest-core-1.3.jar" value="D:\Archivos de programa\Java\junit\hamcrest-core-1.3.jar" />
    <property name="libs.spring-framework.maven-pom" value="" />
    <property name="sun.boot.class.path" value="D:\Archivos de programa\Java\jdk1.7.0_03\jre\lib\resources.jar;D:\Archivos de programa\Java\jdk1.7.0_03\jre\lib\rt.jar;D:\Archivos de programa\Java\jdk1.7.0_03\jre\lib\sunrsasign.jar;D:\Archivos de programa\Java\jdk1.7.0_03\jre\lib\jsse.jar;D:\Archivos de programa\Java\jdk1.7.0_03\jre\lib\jce.jar;D:\Archivos de programa\Java\jdk1.7.0_03\jre\lib\charsets.jar;D:\Archivos de programa\Java\jdk1.7.0_03\jre\classes" />
    <property name="javac.target" value="1.7" />
    <property name="built-jar.properties" value="D:\Documents and Settings\Administrador\Escritorio\Documentos Facultad UTN\TP Final AED\JuegoDeLaVida\build\built-jar.properties" />
    <property name="build.test.classes.dir" value="build/test/classes" />
    <property name="src.dir" value="src" />
    <property name="annotation.processing.enabled" value="true" />
    <property name="sun.awt.keepWorkingSetOnMinimize" value="true" />
    <property name="libs.jpa20-persistence.src" value="" />
    <property name="ignore.failing.tests" value="true" />
    <property name="libs.Hamcrest.classpath" value="D:\Archivos de programa\Java\junit\hamcrest-all-1.3.jar;D:\Archivos de programa\Java\junit\hamcrest-core-1.3.jar" />
    <property name="dist.dir" value="dist" />
    <property name="testng.debug.mode" value="" />
    <property name="javac.fork" value="false" />
    <property name="java.awt.printerjob" value="sun.awt.windows.WPrinterJob" />
    <property name="default.javac.source" value="1.7" />
    <property name="debug-transport-by-os" value="dt_shmem" />
    <property name="libs.MySQLDriver.src" value="" />
    <property name="sun.jnu.encoding" value="Cp1252" />
    <property name="java.runtime.version" value="1.7.0_03-b05" />
    <property name="build.test.results.dir" value="build/test/results" />
    <property name="libs.ejb3-persistence.javadoc" value="" />
    <property name="default.javac.target" value="1.7" />
    <property name="libs.junit_4.classpath" value="D:\Archivos de programa\NetBeans 7.4\platform\modules\ext\junit-4.10.jar" />
    <property name="libs.Common IO.classpath" value="D:\Archivos de programa\Java\commons-io-2.4\commons-io-2.4.jar" />
    <property name="ant.file.JuegoDeLaVida-impl" value="D:\Documents and Settings\Administrador\Escritorio\Documentos Facultad UTN\TP Final AED\JuegoDeLaVida\nbproject\build-impl.xml" />
    <property name="user.timezone" value="" />
    <property name="nb.junit.single" value="false" />
    <property name="do.jar" value="true" />
    <property name="netbeans.dirs" value="D:\Archivos de programa\NetBeans 7.4\nb;D:\Archivos de programa\NetBeans 7.4\ergonomics;D:\Archivos de programa\NetBeans 7.4\ide;D:\Archivos de programa\NetBeans 7.4\extide;D:\Archivos de programa\NetBeans 7.4\java;D:\Archivos de programa\NetBeans 7.4\apisupport;D:\Archivos de programa\NetBeans 7.4\webcommon;D:\Archivos de programa\NetBeans 7.4\websvccommon;D:\Archivos de programa\NetBeans 7.4\enterprise;D:\Archivos de programa\NetBeans 7.4\mobility;D:\Archivos de programa\NetBeans 7.4\profiler;D:\Archivos de programa\NetBeans 7.4\python;D:\Archivos de programa\NetBeans 7.4\php;D:\Archivos de programa\NetBeans 7.4\identity;D:\Archivos de programa\NetBeans 7.4\harness;D:\Archivos de programa\NetBeans 7.4\cnd;D:\Archivos de programa\NetBeans 7.4\dlight;D:\Archivos de programa\NetBeans 7.4\groovy;D:\Archivos de programa\NetBeans 7.4\extra;D:\Archivos de programa\NetBeans 7.4\javacard;D:\Archivos de programa\NetBeans 7.4\javafx" />
    <property name="java.ext.dirs" value="D:\Archivos de programa\Java\jdk1.7.0_03\jre\lib\ext;D:\WINDOWS\Sun\Java\lib\ext" />
    <property name="endorsed.classpath" value="" />
    <property name="libs.absolutelayout.classpath" value="D:\Archivos de programa\NetBeans 7.4\java\modules\ext\AbsoluteLayout.jar" />
    <property name="excludes" value="" />
    <property name="java.class.path" value="D:\Archivos de programa\Java\junit\hamcrest-core-1.3.jar;D:\Archivos de programa\Java\junit\junit-4.11.jar;D:\Archivos de programa\NetBeans 7.4\java\modules\ext\AbsoluteLayout.jar;D:\Documents and Settings\Administrador\Escritorio\Documentos Facultad UTN\TP Final AED\JuegoDeLaVida\build\classes;D:\Documents and Settings\Administrador\Escritorio\Documentos Facultad UTN\TP Final AED\JuegoDeLaVida\build\test\classes;D:\Documents and Settings\Administrador\Escritorio\Documentos Facultad UTN\TP Final AED\JuegoDeLaVida;D:\Archivos de programa\Java\jre7\lib\ext\QTJava.zip;D:\Archivos de programa\NetBeans 7.4\extide\ant\lib\ant-launcher.jar;D:\Archivos de programa\NetBeans 7.4\extide\ant\lib\ant.jar;D:\Archivos de programa\NetBeans 7.4\extide\ant\lib\ant-junit.jar;D:\Archivos de programa\NetBeans 7.4\extide\ant\lib\ant-junit4.jar" />
    <property name="apple.laf.useScreenMenuBar" value="true" />
    <property name="do.mkdist" value="true" />
    <property name="libs.absolutelayout.src" value="" />
    <property name="libs.jpa20-persistence.classpath" value="D:\Archivos de programa\NetBeans 7.4\java\modules\ext\eclipselink\javax.persistence_2.1.0.v201304241213.jar" />
    <property name="os.version" value="5.1" />
    <property name="application.args" value="" />
    <property name="libs.hibernate-persistencemodelgen.src" value="" />
    <property name="sun.awt.enableExtraMouseButtons" value="true" />
    <property name="main.class.available" value="true" />
    <property name="sun.desktop" value="windows" />
    <property name="nb.internal.action.name" value="test" />
    <property name="libs.JAXB-ENDORSED.classpath" value="D:\Archivos de programa\NetBeans 7.4\ide\modules\ext\jaxb\api\jaxb-api.jar" />
    <property name="libs.eclipselink.classpath" value="D:\Archivos de programa\NetBeans 7.4\java\modules\ext\eclipselink\eclipselink.jar;D:\Archivos de programa\NetBeans 7.4\java\modules\ext\eclipselink\javax.persistence_2.1.0.v201304241213.jar;D:\Archivos de programa\NetBeans 7.4\java\modules\ext\eclipselink\org.eclipse.persistence.jpa.jpql_2.5.0.v20130507-3faac2b.jar" />
    <property name="java.awt.graphicsenv" value="sun.awt.Win32GraphicsEnvironment" />
    <property name="libs.beans-binding.javadoc" value="D:\Archivos de programa\NetBeans 7.4\java\docs\beansbinding-1.2.1-doc.zip" />
    <property name="java.vm.vendor" value="Oracle Corporation" />
    <property name="libs.CopyLibs.classpath" value="D:\Archivos de programa\NetBeans 7.4\java\ant\extra\org-netbeans-modules-java-j2seproject-copylibstask.jar" />
    <property name="libs.spring-framework300.classpath" value="D:\Archivos de programa\NetBeans 7.4\ide\modules\org-apache-commons-logging.jar;D:\Archivos de programa\NetBeans 7.4\java\modules\ext\cglib-2.2.jar;D:\Archivos de programa\NetBeans 7.4\java\modules\ext\spring-3.0\spring-aop-3.2.3.RELEASE.jar;D:\Archivos de programa\NetBeans 7.4\java\modules\ext\spring-3.0\spring-aspects-3.2.3.RELEASE.jar;D:\Archivos de programa\NetBeans 7.4\java\modules\ext\spring-3.0\spring-beans-3.2.3.RELEASE.jar;D:\Archivos de programa\NetBeans 7.4\java\modules\ext\spring-3.0\spring-build-src-3.2.3.RELEASE.jar;D:\Archivos de programa\NetBeans 7.4\java\modules\ext\spring-3.0\spring-context-3.2.3.RELEASE.jar;D:\Archivos de programa\NetBeans 7.4\java\modules\ext\spring-3.0\spring-context-support-3.2.3.RELEASE.jar;D:\Archivos de programa\NetBeans 7.4\java\modules\ext\spring-3.0\spring-core-3.2.3.RELEASE.jar;D:\Archivos de programa\NetBeans 7.4\java\modules\ext\spring-3.0\spring-expression-3.2.3.RELEASE.jar;D:\Archivos de programa\NetBeans 7.4\java\modules\ext\spring-3.0\spring-instrument-3.2.3.RELEASE.jar;D:\Archivos de programa\NetBeans 7.4\java\modules\ext\spring-3.0\spring-instrument-tomcat-3.2.3.RELEASE.jar;D:\Archivos de programa\NetBeans 7.4\java\modules\ext\spring-3.0\spring-jdbc-3.2.3.RELEASE.jar;D:\Archivos de programa\NetBeans 7.4\java\modules\ext\spring-3.0\spring-jms-3.2.3.RELEASE.jar;D:\Archivos de programa\NetBeans 7.4\java\modules\ext\spring-3.0\spring-orm-3.2.3.RELEASE.jar;D:\Archivos de programa\NetBeans 7.4\java\modules\ext\spring-3.0\spring-oxm-3.2.3.RELEASE.jar;D:\Archivos de programa\NetBeans 7.4\java\modules\ext\spring-3.0\spring-struts-3.2.3.RELEASE.jar;D:\Archivos de programa\NetBeans 7.4\java\modules\ext\spring-3.0\spring-test-3.2.3.RELEASE.jar;D:\Archivos de programa\NetBeans 7.4\java\modules\ext\spring-3.0\spring-tx-3.2.3.RELEASE.jar;D:\Archivos de programa\NetBeans 7.4\java\modules\ext\spring-3.0\spring-web-3.2.3.RELEASE.jar;D:\Archivos de programa\NetBeans 7.4\java\modules\ext\spring-3.0\spring-webmvc-3.2.3.RELEASE.jar;D:\Archivos de programa\NetBeans 7.4\java\modules\ext\spring-3.0\spring-webmvc-portlet-3.2.3.RELEASE.jar" />
    <property name="run.jvmargs" value="" />
    <property name="libs.ejb3-persistence.classpath" value="D:\Archivos de programa\NetBeans 7.4\java\modules\ext\hibernate\hibernate-jpa-2.0-api-1.0.1.Final.jar" />
    <property name="libs.hibernate-persistencemodelgen.javadoc" value="" />
    <property name="libs.JAXB-ENDORSED.src" value="" />
    <property name="libs.spring-framework.javadoc" value="" />
    <property name="libs.testng.javadoc" value="D:\Archivos de programa\NetBeans 7.4\platform\docs\testng-6.8.1-javadoc.zip" />
    <property name="user.script" value="" />
    <property name="libs.PostgreSQLDriver.classpath" value="D:\Archivos de programa\NetBeans 7.4\ide\modules\ext\postgresql-9.2-1002.jdbc4.jar" />
    <property name="ant.file.type.JuegoDeLaVida-impl" value="file" />
    <property name="libs.junit.src" value="" />
    <property name="annotation.processing.source.output" value="build/generated-sources/ap-source-output" />
    <property name="main.class" value="com.navarromugas.controllers.JuegoDeLaVida" />
    <property name="libs.CopyLibs.src" value="" />
    <property name="build.dir" value="build" />
    <property name="ant.version" value="Apache Ant(TM) version 1.9.1 compiled on May 15 2013" />
    <property name="file.encoding" value="Cp1252" />
    <property name="build.classes.excludes" value="**/*.java,**/*.form" />
    <property name="jdkBug6558476" value="false" />
    <property name="javadoc.nonavbar" value="false" />
    <property name="platform.active" value="default_platform" />
    <property name="awt.toolkit" value="sun.awt.windows.WToolkit" />
  </properties>
  <testcase classname="com.navarromugas.test.GpsTest" name="puede_devolver_la_coordenada_al_este_relativa_a_otra" time="0.0" />
  <testcase classname="com.navarromugas.test.GpsTest" name="puede_devolver_la_coordenada_dos_lugares_al_norte_relativa_a_otra" time="0.0" />
  <testcase classname="com.navarromugas.test.GpsTest" name="puede_devolver_la_coordenada_al_norte_relativa_a_otra" time="0.0" />
  <testcase classname="com.navarromugas.test.GpsTest" name="puede_devolver_la_coordenada_al_noroeste_relativa_a_otra" time="0.0" />
  <testcase classname="com.navarromugas.test.GpsTest" name="puede_devolver_la_coordenada_valida_a_un_mundo_toroidal_al_noroeste" time="0.0" />
  <testcase classname="com.navarromugas.test.GpsTest" name="puede_devolver_la_coordenada_al_sureste_relativa_a_otra" time="0.0" />
  <testcase classname="com.navarromugas.test.GpsTest" name="puede_devolver_la_coordenada_valida_a_un_mundo_toroidal_al_noreste" time="0.0" />
  <testcase classname="com.navarromugas.test.GpsTest" name="puede_devolver_la_coordenada_valida_a_un_mundo_toroidal_al_suroeste" time="0.0" />
  <testcase classname="com.navarromugas.test.GpsTest" name="puede_devolver_la_coordenada_valida_a_un_mundo_toroidal_al_sureste" time="0.0" />
  <testcase classname="com.navarromugas.test.GpsTest" name="puede_devolver_la_coordenada_valida_a_un_mundo_toroidal" time="0.0" />
  <testcase classname="com.navarromugas.test.GpsTest" name="puedo_obtener_los_paralelos_y_meridianos_del_gps" time="0.0" />
  <testcase classname="com.navarromugas.test.GpsTest" name="puede_devolver_la_coordenada_al_noreste_relativa_a_otra" time="0.0" />
  <testcase classname="com.navarromugas.test.GpsTest" name="puede_devolver_la_coordenada_al_suroeste_relativa_a_otra" time="0.0" />
  <testcase classname="com.navarromugas.test.GpsTest" name="puede_devolver_la_coordenada_al_oeste_relativa_a_otra" time="0.0" />
  <testcase classname="com.navarromugas.test.GpsTest" name="puede_devolver_la_coordenada_al_sur_relativa_a_otra" time="0.0" />
  <system-out><![CDATA[]]></system-out>
  <system-err><![CDATA[]]></system-err>
</testsuite>
